d:\documents\university files\year 4\thesis\dev\fhelrmodel\fhelrmodel\obj\x64\release\model.obj
d:\documents\university files\year 4\thesis\dev\fhelrmodel\fhelrmodel\obj\x64\release\examples.obj
d:\documents\university files\year 4\thesis\dev\fhelrmodel\fhelrmodel\obj\x64\release\3_levels.obj
d:\documents\university files\year 4\thesis\dev\fhelrmodel\fhelrmodel\obj\x64\release\1_bfv_basics.obj
d:\documents\university files\year 4\thesis\dev\fhelrmodel\fhelrmodel\obj\x64\release\6_performance.obj
d:\documents\university files\year 4\thesis\dev\fhelrmodel\fhelrmodel\obj\x64\release\4_ckks_basics.obj
d:\documents\university files\year 4\thesis\dev\fhelrmodel\fhelrmodel\obj\x64\release\5_rotation.obj
d:\documents\university files\year 4\thesis\dev\fhelrmodel\fhelrmodel\obj\x64\release\2_encoders.obj
d:\documents\university files\year 4\thesis\dev\fhelrmodel\fhelrmodel\obj\x64\release\vc142.pdb
d:\documents\university files\year 4\thesis\dev\fhelrmodel\bin\x64\release\fhelrmodel.ipdb
d:\documents\university files\year 4\thesis\dev\fhelrmodel\bin\x64\release\fhelrmodel.iobj
d:\documents\university files\year 4\thesis\dev\fhelrmodel\bin\x64\release\fhelrmodel.exe
d:\documents\university files\year 4\thesis\dev\fhelrmodel\bin\x64\release\fhelrmodel.pdb
d:\documents\university files\year 4\thesis\dev\fhelrmodel\fhelrmodel\obj\x64\release\fhelrmodel.tlog\cl.command.1.tlog
d:\documents\university files\year 4\thesis\dev\fhelrmodel\fhelrmodel\obj\x64\release\fhelrmodel.tlog\cl.read.1.tlog
d:\documents\university files\year 4\thesis\dev\fhelrmodel\fhelrmodel\obj\x64\release\fhelrmodel.tlog\cl.write.1.tlog
d:\documents\university files\year 4\thesis\dev\fhelrmodel\fhelrmodel\obj\x64\release\fhelrmodel.tlog\fhelrmodel.write.1u.tlog
d:\documents\university files\year 4\thesis\dev\fhelrmodel\fhelrmodel\obj\x64\release\fhelrmodel.tlog\link.command.1.tlog
d:\documents\university files\year 4\thesis\dev\fhelrmodel\fhelrmodel\obj\x64\release\fhelrmodel.tlog\link.delete.1.tlog
d:\documents\university files\year 4\thesis\dev\fhelrmodel\fhelrmodel\obj\x64\release\fhelrmodel.tlog\link.read.1.tlog
d:\documents\university files\year 4\thesis\dev\fhelrmodel\fhelrmodel\obj\x64\release\fhelrmodel.tlog\link.write.1.tlog
